<?xml version="1.0" encoding="UTF-8"?>
<!-- Generated by org.testng.reporters.JUnitXMLReporter -->
<testsuite hostname="DESKTOP-F2LTFAU" ignored="0" name="Default test" tests="4" failures="0" timestamp="2020-10-04T15:19:59 ALMT" time="54.766" errors="0">
  <testcase name="loginTest" time="4.748" classname="com.syntax.practice.TestLogin"/>
  <testcase name="negativeLoginTest" time="1.543" classname="com.syntax.practice.TestLogin"/>
  <testcase name="negativeLoginTest" time="1.104" classname="com.syntax.practice.TestLogin"/>
  <testcase name="negativeLoginTest" time="0.262" classname="com.syntax.practice.TestLogin"/>
</testsuite> <!-- Default test -->
